0 info it worked if it ends with ok
1 verbose cli [ '/usr/local/bin/node', '/usr/local/bin/npm', 'start' ]
2 info using npm@3.10.9
3 info using node@v7.1.0
4 verbose run-script [ 'prestart', 'start', 'poststart' ]
5 info lifecycle restful-api-with-node@1.0.0~prestart: restful-api-with-node@1.0.0
6 silly lifecycle restful-api-with-node@1.0.0~prestart: no script for prestart, continuing
7 info lifecycle restful-api-with-node@1.0.0~start: restful-api-with-node@1.0.0
8 verbose lifecycle restful-api-with-node@1.0.0~start: unsafe-perm in lifecycle true
9 verbose lifecycle restful-api-with-node@1.0.0~start: PATH: /usr/local/lib/node_modules/npm/bin/node-gyp-bin:/Users/danielstjohn/Desktop/hle/restful-api-with-node/node_modules/.bin:/Users/danielstjohn/.rvm/gems/ruby-2.4.0/bin:/Users/danielstjohn/.rvm/gems/ruby-2.4.0@global/bin:/Users/danielstjohn/.rvm/rubies/ruby-2.4.0/bin:/Users/danielstjohn/.rbenv/shims:/development/mongodb/bin:/opt/swig-2.0.10/bin:/Library/Frameworks/Python.framework/Versions/2.7/bin:/Library/Frameworks/Python.framework/Versions/3.4/bin:/Library/Frameworks/Python.framework/Versions/3.4/bin:/Library/Frameworks/Python.framework/Versions/Current/bin:/usr/local/Cellar/activemq/5.8.0/bin:/Applications/Cocos/frameworks:/development/cocos_complex/cocos2d-x-3.14.1/tools/fbx-conv/mac:/development/cocos_complex/cocos2d-x-3.14.1/tools/cocos2d-console/bin:/development/NVPACK/android-ndk-r10e:/development/NVPACK/android-sdk-macosx/android-sdk-macosx/tools:/development/NVPACK/android-sdk-macosx/android-sdk-macosx/platform-tools:/opt/local/bin:/opt/local/sbin:/development/NVPACK/apache-ant-1.8.2/bin:/Users/danielstjohn/apache-maven-3.1.1/bin:.:/Users/danielstjohn/bin:/Users/danielstjohn/.apportable/SDK/bin:/Applications/Xcode.app/Contents/Developer/usr/bin/:/usr/local/bin:/usr/bin:/bin:/usr/sbin:/sbin:/opt/X11/bin:/usr/local/share/dotnet:/usr/local/git/bin:/usr/local/go/bin:/Developer/Tools/Panda3D:/usr/local/sbin:/development/NVPACK/gradle-2.2.1/bin:.:/development/NVPACK/android-sdk-macosx/android-sdk-macosx/build-tools:/development/NVPACK/android-sdk-macosx/android-sdk-macosx/extras/android/support:/Applications/Marmalade.app/Contents/s3e/bin:/Users/danielstjohn/.rvm/bin
10 verbose lifecycle restful-api-with-node@1.0.0~start: CWD: /Users/danielstjohn/Desktop/hle/restful-api-with-node
11 silly lifecycle restful-api-with-node@1.0.0~start: Args: [ '-c', 'node server.js' ]
12 silly lifecycle restful-api-with-node@1.0.0~start: Returned: code: 1  signal: null
13 info lifecycle restful-api-with-node@1.0.0~start: Failed to exec start script
14 verbose stack Error: restful-api-with-node@1.0.0 start: `node server.js`
14 verbose stack Exit status 1
14 verbose stack     at EventEmitter.<anonymous> (/usr/local/lib/node_modules/npm/lib/utils/lifecycle.js:255:16)
14 verbose stack     at emitTwo (events.js:106:13)
14 verbose stack     at EventEmitter.emit (events.js:191:7)
14 verbose stack     at ChildProcess.<anonymous> (/usr/local/lib/node_modules/npm/lib/utils/spawn.js:40:14)
14 verbose stack     at emitTwo (events.js:106:13)
14 verbose stack     at ChildProcess.emit (events.js:191:7)
14 verbose stack     at maybeClose (internal/child_process.js:885:16)
14 verbose stack     at Process.ChildProcess._handle.onexit (internal/child_process.js:226:5)
15 verbose pkgid restful-api-with-node@1.0.0
16 verbose cwd /Users/danielstjohn/Desktop/hle/restful-api-with-node
17 error Darwin 16.6.0
18 error argv "/usr/local/bin/node" "/usr/local/bin/npm" "start"
19 error node v7.1.0
20 error npm  v3.10.9
21 error code ELIFECYCLE
22 error restful-api-with-node@1.0.0 start: `node server.js`
22 error Exit status 1
23 error Failed at the restful-api-with-node@1.0.0 start script 'node server.js'.
23 error Make sure you have the latest version of node.js and npm installed.
23 error If you do, this is most likely a problem with the restful-api-with-node package,
23 error not with npm itself.
23 error Tell the author that this fails on your system:
23 error     node server.js
23 error You can get information on how to open an issue for this project with:
23 error     npm bugs restful-api-with-node
23 error Or if that isn't available, you can get their info via:
23 error     npm owner ls restful-api-with-node
23 error There is likely additional logging output above.
24 verbose exit [ 1, true ]
